{"level":"\u001b[32minfo\u001b[39m","message":"Method: GET, URL: /, Status: 200, Res: 11, Response Time: 2.175 ms","timestamp":"2025-02-10 04:37:27"}
{"level":"\u001b[32minfo\u001b[39m","message":"Method: GET, URL: /favicon.ico, Status: 404, Res: 150, Response Time: 1.125 ms","timestamp":"2025-02-10 04:37:27"}
{"level":"\u001b[32minfo\u001b[39m","message":"Method: GET, URL: /api-docs, Status: 301, Res: 158, Response Time: 2.859 ms","timestamp":"2025-02-12 10:05:42"}
{"level":"\u001b[32minfo\u001b[39m","message":"Method: GET, URL: /api-docs/, Status: 200, Res: 3106, Response Time: 1.549 ms","timestamp":"2025-02-12 10:05:42"}
{"level":"\u001b[32minfo\u001b[39m","message":"Method: GET, URL: /api-docs/swagger-ui-init.js, Status: 200, Res: 1460, Response Time: 0.159 ms","timestamp":"2025-02-12 10:05:42"}
{"level":"\u001b[32minfo\u001b[39m","message":"Method: GET, URL: /api-docs/swagger-ui.css, Status: 200, Res: 152072, Response Time: 7.382 ms","timestamp":"2025-02-12 10:05:42"}
{"level":"\u001b[32minfo\u001b[39m","message":"Method: GET, URL: /api-docs/swagger-ui-standalone-preset.js, Status: 200, Res: 230007, Response Time: 6.034 ms","timestamp":"2025-02-12 10:05:42"}
{"level":"\u001b[32minfo\u001b[39m","message":"Method: GET, URL: /api-docs/swagger-ui-bundle.js, Status: 200, Res: 1458834, Response Time: 5.809 ms","timestamp":"2025-02-12 10:05:42"}
{"level":"\u001b[32minfo\u001b[39m","message":"Method: GET, URL: /, Status: 404, Res: 139, Response Time: 1.044 ms","timestamp":"2025-02-12 10:05:42"}
{"level":"\u001b[32minfo\u001b[39m","message":"Method: GET, URL: /api-docs/favicon-32x32.png, Status: 200, Res: 628, Response Time: 1.084 ms","timestamp":"2025-02-12 10:05:42"}
{"level":"\u001b[32minfo\u001b[39m","message":"Method: GET, URL: /api-docs/, Status: 304, Res: 0, Response Time: 0.791 ms","timestamp":"2025-02-12 10:06:11"}
{"level":"\u001b[32minfo\u001b[39m","message":"Method: GET, URL: /api-docs/swagger-ui.css, Status: 304, Res: 0, Response Time: 0.628 ms","timestamp":"2025-02-12 10:06:11"}
{"level":"\u001b[32minfo\u001b[39m","message":"Method: GET, URL: /api-docs/swagger-ui-standalone-preset.js, Status: 304, Res: 0, Response Time: 0.979 ms","timestamp":"2025-02-12 10:06:11"}
{"level":"\u001b[32minfo\u001b[39m","message":"Method: GET, URL: /api-docs/swagger-ui-bundle.js, Status: 304, Res: 0, Response Time: 1.208 ms","timestamp":"2025-02-12 10:06:11"}
{"level":"\u001b[32minfo\u001b[39m","message":"Method: GET, URL: /api-docs/swagger-ui-init.js, Status: 304, Res: 0, Response Time: 0.288 ms","timestamp":"2025-02-12 10:06:11"}
{"level":"\u001b[32minfo\u001b[39m","message":"Method: GET, URL: /, Status: 404, Res: 139, Response Time: 0.341 ms","timestamp":"2025-02-12 10:06:11"}
{"level":"\u001b[32minfo\u001b[39m","message":"Method: GET, URL: /api-docs/favicon-32x32.png, Status: 304, Res: 0, Response Time: 0.428 ms","timestamp":"2025-02-12 10:06:11"}
{"level":"\u001b[32minfo\u001b[39m","message":"Method: GET, URL: /api-docs/, Status: 304, Res: 0, Response Time: 0.417 ms","timestamp":"2025-02-12 10:06:39"}
{"level":"\u001b[32minfo\u001b[39m","message":"Method: GET, URL: /api-docs/swagger-ui.css, Status: 304, Res: 0, Response Time: 1.350 ms","timestamp":"2025-02-12 10:06:39"}
{"level":"\u001b[32minfo\u001b[39m","message":"Method: GET, URL: /api-docs/swagger-ui-bundle.js, Status: 304, Res: 0, Response Time: 1.444 ms","timestamp":"2025-02-12 10:06:39"}
{"level":"\u001b[32minfo\u001b[39m","message":"Method: GET, URL: /api-docs/swagger-ui-standalone-preset.js, Status: 304, Res: 0, Response Time: 0.351 ms","timestamp":"2025-02-12 10:06:39"}
{"level":"\u001b[32minfo\u001b[39m","message":"Method: GET, URL: /api-docs/swagger-ui-init.js, Status: 304, Res: 0, Response Time: 0.350 ms","timestamp":"2025-02-12 10:06:39"}
{"level":"\u001b[32minfo\u001b[39m","message":"Method: GET, URL: /, Status: 404, Res: 139, Response Time: 0.389 ms","timestamp":"2025-02-12 10:06:39"}
{"level":"\u001b[32minfo\u001b[39m","message":"Method: GET, URL: /, Status: 404, Res: 139, Response Time: 0.367 ms","timestamp":"2025-02-12 10:06:58"}
{"level":"\u001b[32minfo\u001b[39m","message":"Method: GET, URL: /api-docs/, Status: 200, Res: 3106, Response Time: 0.581 ms","timestamp":"2025-02-12 10:09:14"}
{"level":"\u001b[32minfo\u001b[39m","message":"Method: GET, URL: /api-docs/swagger-ui-init.js, Status: 200, Res: 1460, Response Time: 0.154 ms","timestamp":"2025-02-12 10:09:14"}
{"level":"\u001b[32minfo\u001b[39m","message":"Method: GET, URL: /api-docs/swagger-ui.css, Status: 200, Res: 152072, Response Time: 3.702 ms","timestamp":"2025-02-12 10:09:14"}
{"level":"\u001b[32minfo\u001b[39m","message":"Method: GET, URL: /api-docs/swagger-ui-standalone-preset.js, Status: 200, Res: 230007, Response Time: 3.233 ms","timestamp":"2025-02-12 10:09:14"}
{"level":"\u001b[32minfo\u001b[39m","message":"Method: GET, URL: /api-docs/swagger-ui-bundle.js, Status: 200, Res: 1458834, Response Time: 3.250 ms","timestamp":"2025-02-12 10:09:14"}
{"level":"\u001b[32minfo\u001b[39m","message":"Method: GET, URL: /, Status: 404, Res: 139, Response Time: 0.448 ms","timestamp":"2025-02-12 10:09:14"}
{"level":"\u001b[32minfo\u001b[39m","message":"Method: GET, URL: /api-docs/favicon-32x32.png, Status: 200, Res: 628, Response Time: 1.112 ms","timestamp":"2025-02-12 10:09:14"}
{"level":"\u001b[32minfo\u001b[39m","message":"Method: GET, URL: /api-docs/, Status: 304, Res: 0, Response Time: 2.890 ms","timestamp":"2025-02-12 10:11:46"}
{"level":"\u001b[32minfo\u001b[39m","message":"Method: GET, URL: /api-docs/swagger-ui.css, Status: 304, Res: 0, Response Time: 1.794 ms","timestamp":"2025-02-12 10:11:46"}
{"level":"\u001b[32minfo\u001b[39m","message":"Method: GET, URL: /api-docs/swagger-ui-bundle.js, Status: 304, Res: 0, Response Time: 0.756 ms","timestamp":"2025-02-12 10:11:46"}
{"level":"\u001b[32minfo\u001b[39m","message":"Method: GET, URL: /api-docs/swagger-ui-init.js, Status: 304, Res: 0, Response Time: 0.273 ms","timestamp":"2025-02-12 10:11:46"}
{"level":"\u001b[32minfo\u001b[39m","message":"Method: GET, URL: /api-docs/swagger-ui-standalone-preset.js, Status: 304, Res: 0, Response Time: 0.587 ms","timestamp":"2025-02-12 10:11:46"}
{"level":"\u001b[32minfo\u001b[39m","message":"Method: GET, URL: /, Status: 404, Res: 139, Response Time: 1.585 ms","timestamp":"2025-02-12 10:11:46"}
{"level":"\u001b[32minfo\u001b[39m","message":"Method: GET, URL: /api-docs/favicon-32x32.png, Status: 304, Res: 0, Response Time: 0.510 ms","timestamp":"2025-02-12 10:11:46"}
{"level":"\u001b[32minfo\u001b[39m","message":"Method: GET, URL: /api-docs/, Status: 304, Res: 0, Response Time: 3.117 ms","timestamp":"2025-02-12 10:18:49"}
{"level":"\u001b[32minfo\u001b[39m","message":"Method: GET, URL: /api-docs/swagger-ui.css, Status: 304, Res: 0, Response Time: 1.687 ms","timestamp":"2025-02-12 10:18:49"}
{"level":"\u001b[32minfo\u001b[39m","message":"Method: GET, URL: /api-docs/swagger-ui-bundle.js, Status: 304, Res: 0, Response Time: 0.748 ms","timestamp":"2025-02-12 10:18:49"}
{"level":"\u001b[32minfo\u001b[39m","message":"Method: GET, URL: /api-docs/swagger-ui-init.js, Status: 200, Res: 1470, Response Time: 0.332 ms","timestamp":"2025-02-12 10:18:49"}
{"level":"\u001b[32minfo\u001b[39m","message":"Method: GET, URL: /api-docs/swagger-ui-standalone-preset.js, Status: 304, Res: 0, Response Time: 0.663 ms","timestamp":"2025-02-12 10:18:49"}
{"level":"\u001b[32minfo\u001b[39m","message":"Method: GET, URL: /, Status: 404, Res: 139, Response Time: 1.135 ms","timestamp":"2025-02-12 10:18:49"}
{"level":"\u001b[32minfo\u001b[39m","message":"Method: GET, URL: /api-docs/favicon-32x32.png, Status: 304, Res: 0, Response Time: 0.815 ms","timestamp":"2025-02-12 10:18:49"}
{"level":"\u001b[32minfo\u001b[39m","message":"Method: GET, URL: /api-docs/, Status: 304, Res: 0, Response Time: 0.557 ms","timestamp":"2025-02-12 10:18:50"}
{"level":"\u001b[32minfo\u001b[39m","message":"Method: GET, URL: /api-docs/swagger-ui-init.js, Status: 304, Res: 0, Response Time: 0.199 ms","timestamp":"2025-02-12 10:18:50"}
{"level":"\u001b[32minfo\u001b[39m","message":"Method: GET, URL: /api-docs/swagger-ui.css, Status: 304, Res: 0, Response Time: 3.470 ms","timestamp":"2025-02-12 10:18:50"}
{"level":"\u001b[32minfo\u001b[39m","message":"Method: GET, URL: /api-docs/swagger-ui-standalone-preset.js, Status: 304, Res: 0, Response Time: 3.047 ms","timestamp":"2025-02-12 10:18:50"}
{"level":"\u001b[32minfo\u001b[39m","message":"Method: GET, URL: /api-docs/swagger-ui-bundle.js, Status: 304, Res: 0, Response Time: 2.377 ms","timestamp":"2025-02-12 10:18:50"}
{"level":"\u001b[32minfo\u001b[39m","message":"Method: GET, URL: /, Status: 404, Res: 139, Response Time: 0.364 ms","timestamp":"2025-02-12 10:18:50"}
{"level":"\u001b[32minfo\u001b[39m","message":"Method: GET, URL: /api-docs/favicon-32x32.png, Status: 304, Res: 0, Response Time: 0.632 ms","timestamp":"2025-02-12 10:18:50"}
{"level":"\u001b[32minfo\u001b[39m","message":"Method: GET, URL: /api-docs/, Status: 304, Res: 0, Response Time: 0.569 ms","timestamp":"2025-02-12 10:18:51"}
{"level":"\u001b[32minfo\u001b[39m","message":"Method: GET, URL: /api-docs/swagger-ui-init.js, Status: 304, Res: 0, Response Time: 0.389 ms","timestamp":"2025-02-12 10:18:51"}
{"level":"\u001b[32minfo\u001b[39m","message":"Method: GET, URL: /api-docs/swagger-ui-bundle.js, Status: 304, Res: 0, Response Time: 1.193 ms","timestamp":"2025-02-12 10:18:51"}
{"level":"\u001b[32minfo\u001b[39m","message":"Method: GET, URL: /api-docs/swagger-ui.css, Status: 304, Res: 0, Response Time: 1.501 ms","timestamp":"2025-02-12 10:18:51"}
{"level":"\u001b[32minfo\u001b[39m","message":"Method: GET, URL: /api-docs/swagger-ui-standalone-preset.js, Status: 304, Res: 0, Response Time: 1.919 ms","timestamp":"2025-02-12 10:18:51"}
{"level":"\u001b[32minfo\u001b[39m","message":"Method: GET, URL: /, Status: 404, Res: 139, Response Time: 0.428 ms","timestamp":"2025-02-12 10:18:51"}
{"level":"\u001b[32minfo\u001b[39m","message":"Method: GET, URL: /api-docs/favicon-32x32.png, Status: 304, Res: 0, Response Time: 0.334 ms","timestamp":"2025-02-12 10:18:51"}
{"level":"\u001b[32minfo\u001b[39m","message":"Method: GET, URL: /api-docs/, Status: 304, Res: 0, Response Time: 0.406 ms","timestamp":"2025-02-12 10:18:51"}
{"level":"\u001b[32minfo\u001b[39m","message":"Method: GET, URL: /api-docs/swagger-ui.css, Status: 304, Res: 0, Response Time: 0.415 ms","timestamp":"2025-02-12 10:18:51"}
{"level":"\u001b[32minfo\u001b[39m","message":"Method: GET, URL: /api-docs/swagger-ui-init.js, Status: 304, Res: 0, Response Time: 0.198 ms","timestamp":"2025-02-12 10:18:51"}
{"level":"\u001b[32minfo\u001b[39m","message":"Method: GET, URL: /api-docs/swagger-ui-standalone-preset.js, Status: 304, Res: 0, Response Time: 1.706 ms","timestamp":"2025-02-12 10:18:51"}
{"level":"\u001b[32minfo\u001b[39m","message":"Method: GET, URL: /api-docs/swagger-ui-bundle.js, Status: 304, Res: 0, Response Time: 2.115 ms","timestamp":"2025-02-12 10:18:51"}
{"level":"\u001b[32minfo\u001b[39m","message":"Method: GET, URL: /, Status: 404, Res: 139, Response Time: 0.363 ms","timestamp":"2025-02-12 10:18:51"}
{"level":"\u001b[32minfo\u001b[39m","message":"Method: GET, URL: /api-docs/favicon-32x32.png, Status: 304, Res: 0, Response Time: 0.408 ms","timestamp":"2025-02-12 10:18:51"}
{"level":"\u001b[32minfo\u001b[39m","message":"Method: GET, URL: /api-docs/, Status: 304, Res: 0, Response Time: 2.937 ms","timestamp":"2025-02-12 10:21:27"}
{"level":"\u001b[32minfo\u001b[39m","message":"Method: GET, URL: /api-docs/swagger-ui.css, Status: 304, Res: 0, Response Time: 0.953 ms","timestamp":"2025-02-12 10:21:27"}
{"level":"\u001b[32minfo\u001b[39m","message":"Method: GET, URL: /api-docs/swagger-ui-bundle.js, Status: 304, Res: 0, Response Time: 1.239 ms","timestamp":"2025-02-12 10:21:27"}
{"level":"\u001b[32minfo\u001b[39m","message":"Method: GET, URL: /api-docs/swagger-ui-standalone-preset.js, Status: 304, Res: 0, Response Time: 1.816 ms","timestamp":"2025-02-12 10:21:27"}
{"level":"\u001b[32minfo\u001b[39m","message":"Method: GET, URL: /api-docs/swagger-ui-init.js, Status: 304, Res: 0, Response Time: 0.266 ms","timestamp":"2025-02-12 10:21:27"}
{"level":"\u001b[32minfo\u001b[39m","message":"Method: GET, URL: /, Status: 404, Res: 139, Response Time: 1.242 ms","timestamp":"2025-02-12 10:21:27"}
{"level":"\u001b[32minfo\u001b[39m","message":"Method: GET, URL: /api-docs/favicon-32x32.png, Status: 304, Res: 0, Response Time: 0.282 ms","timestamp":"2025-02-12 10:21:27"}
{"level":"\u001b[32minfo\u001b[39m","message":"Method: GET, URL: /api-docs/, Status: 304, Res: 0, Response Time: 2.527 ms","timestamp":"2025-02-12 16:23:03"}
{"level":"\u001b[32minfo\u001b[39m","message":"Method: GET, URL: /api-docs/swagger-ui.css, Status: 304, Res: 0, Response Time: 1.075 ms","timestamp":"2025-02-12 16:23:03"}
{"level":"\u001b[32minfo\u001b[39m","message":"Method: GET, URL: /api-docs/swagger-ui-bundle.js, Status: 304, Res: 0, Response Time: 0.370 ms","timestamp":"2025-02-12 16:23:03"}
{"level":"\u001b[32minfo\u001b[39m","message":"Method: GET, URL: /api-docs/swagger-ui-standalone-preset.js, Status: 304, Res: 0, Response Time: 0.195 ms","timestamp":"2025-02-12 16:23:03"}
{"level":"\u001b[32minfo\u001b[39m","message":"Method: GET, URL: /api-docs/swagger-ui-init.js, Status: 200, Res: 1512, Response Time: 0.333 ms","timestamp":"2025-02-12 16:23:03"}
{"level":"\u001b[32minfo\u001b[39m","message":"Method: GET, URL: /, Status: 404, Res: 139, Response Time: 1.011 ms","timestamp":"2025-02-12 16:23:03"}
{"level":"\u001b[32minfo\u001b[39m","message":"Method: GET, URL: /api-docs/favicon-32x32.png, Status: 304, Res: 0, Response Time: 0.288 ms","timestamp":"2025-02-12 16:23:03"}
{"level":"\u001b[32minfo\u001b[39m","message":"Method: GET, URL: /api-docs/, Status: 304, Res: 0, Response Time: 0.569 ms","timestamp":"2025-02-12 16:23:03"}
{"level":"\u001b[32minfo\u001b[39m","message":"Method: GET, URL: /api-docs/swagger-ui.css, Status: 304, Res: 0, Response Time: 0.618 ms","timestamp":"2025-02-12 16:23:03"}
{"level":"\u001b[32minfo\u001b[39m","message":"Method: GET, URL: /api-docs/swagger-ui-init.js, Status: 304, Res: 0, Response Time: 0.173 ms","timestamp":"2025-02-12 16:23:03"}
{"level":"\u001b[32minfo\u001b[39m","message":"Method: GET, URL: /api-docs/swagger-ui-bundle.js, Status: 304, Res: 0, Response Time: 1.909 ms","timestamp":"2025-02-12 16:23:03"}
{"level":"\u001b[32minfo\u001b[39m","message":"Method: GET, URL: /api-docs/swagger-ui-standalone-preset.js, Status: 304, Res: 0, Response Time: 2.050 ms","timestamp":"2025-02-12 16:23:03"}
{"level":"\u001b[32minfo\u001b[39m","message":"Method: GET, URL: /, Status: 404, Res: 139, Response Time: 0.359 ms","timestamp":"2025-02-12 16:23:04"}
{"level":"\u001b[32minfo\u001b[39m","message":"Method: GET, URL: /api-docs/favicon-32x32.png, Status: 304, Res: 0, Response Time: 0.312 ms","timestamp":"2025-02-12 16:23:04"}
{"level":"\u001b[32minfo\u001b[39m","message":"Method: GET, URL: /api-docs/, Status: 304, Res: 0, Response Time: 2.530 ms","timestamp":"2025-02-12 16:34:42"}
{"level":"\u001b[32minfo\u001b[39m","message":"Method: GET, URL: /api-docs/swagger-ui.css, Status: 304, Res: 0, Response Time: 1.068 ms","timestamp":"2025-02-12 16:34:42"}
{"level":"\u001b[32minfo\u001b[39m","message":"Method: GET, URL: /api-docs/swagger-ui-bundle.js, Status: 304, Res: 0, Response Time: 0.314 ms","timestamp":"2025-02-12 16:34:42"}
{"level":"\u001b[32minfo\u001b[39m","message":"Method: GET, URL: /api-docs/swagger-ui-standalone-preset.js, Status: 304, Res: 0, Response Time: 0.223 ms","timestamp":"2025-02-12 16:34:42"}
{"level":"\u001b[32minfo\u001b[39m","message":"Method: GET, URL: /api-docs/swagger-ui-init.js, Status: 200, Res: 485325, Response Time: 1.500 ms","timestamp":"2025-02-12 16:34:42"}
{"level":"\u001b[32minfo\u001b[39m","message":"Method: GET, URL: /api-docs/favicon-32x32.png, Status: 304, Res: 0, Response Time: 0.287 ms","timestamp":"2025-02-12 16:34:42"}
{"level":"\u001b[32minfo\u001b[39m","message":"Method: GET, URL: /api-docs/, Status: 304, Res: 0, Response Time: 3.391 ms","timestamp":"2025-02-12 10:35:47"}
{"level":"\u001b[32minfo\u001b[39m","message":"Method: GET, URL: /api-docs/swagger-ui.css, Status: 304, Res: 0, Response Time: 1.188 ms","timestamp":"2025-02-12 10:35:47"}
{"level":"\u001b[32minfo\u001b[39m","message":"Method: GET, URL: /api-docs/swagger-ui-standalone-preset.js, Status: 304, Res: 0, Response Time: 1.255 ms","timestamp":"2025-02-12 10:35:47"}
{"level":"\u001b[32minfo\u001b[39m","message":"Method: GET, URL: /api-docs/swagger-ui-bundle.js, Status: 304, Res: 0, Response Time: 2.114 ms","timestamp":"2025-02-12 10:35:47"}
{"level":"\u001b[32minfo\u001b[39m","message":"Method: GET, URL: /api-docs/swagger-ui-init.js, Status: 304, Res: 0, Response Time: 1.813 ms","timestamp":"2025-02-12 10:35:47"}
{"level":"\u001b[32minfo\u001b[39m","message":"Method: GET, URL: /api-docs/favicon-32x32.png, Status: 304, Res: 0, Response Time: 0.843 ms","timestamp":"2025-02-12 10:35:47"}
